2024/07/18 12:34:44 [notice] 1#1: using the "epoll" event method
2024/07/18 12:34:44 [notice] 1#1: nginx/1.27.0
2024/07/18 12:34:44 [notice] 1#1: built by gcc 12.2.0 (Debian 12.2.0-14) 
2024/07/18 12:34:44 [notice] 1#1: OS: Linux 6.9.8-200.fc40.x86_64
2024/07/18 12:34:44 [notice] 1#1: getrlimit(RLIMIT_NOFILE): 1073741816:1073741816
2024/07/18 12:34:44 [notice] 1#1: start worker processes
2024/07/18 12:34:44 [notice] 1#1: start worker process 28
2024/07/18 12:34:44 [notice] 1#1: start worker process 29
2024/07/18 12:34:44 [notice] 1#1: start worker process 30
2024/07/18 12:34:44 [notice] 1#1: start worker process 31
2024/07/18 12:34:44 [notice] 1#1: start worker process 32
2024/07/18 12:34:44 [notice] 1#1: start worker process 33
2024/07/18 12:34:44 [notice] 1#1: start worker process 34
2024/07/18 12:34:44 [notice] 1#1: start worker process 35
2024/07/18 12:34:44 [notice] 1#1: start worker process 36
2024/07/18 12:34:44 [notice] 1#1: start worker process 37
2024/07/18 12:34:44 [notice] 1#1: start worker process 38
2024/07/18 12:34:44 [notice] 1#1: start worker process 39
2024/07/18 12:34:51 [error] 28#28: *1 connect() failed (111: Connection refused) while connecting to upstream, client: 172.20.0.1, server: , request: "GET / HTTP/1.1", upstream: "fastcgi://172.20.0.3:8000", host: "localhost:3000"
2024/07/18 12:35:54 [notice] 1#1: signal 3 (SIGQUIT) received, shutting down
2024/07/18 12:35:54 [notice] 28#28: gracefully shutting down
2024/07/18 12:35:54 [notice] 29#29: gracefully shutting down
2024/07/18 12:35:54 [notice] 30#30: gracefully shutting down
2024/07/18 12:35:54 [notice] 31#31: gracefully shutting down
2024/07/18 12:35:54 [notice] 33#33: gracefully shutting down
2024/07/18 12:35:54 [notice] 32#32: gracefully shutting down
2024/07/18 12:35:54 [notice] 34#34: gracefully shutting down
2024/07/18 12:35:54 [notice] 35#35: gracefully shutting down
2024/07/18 12:35:54 [notice] 32#32: exiting
2024/07/18 12:35:54 [notice] 29#29: exiting
2024/07/18 12:35:54 [notice] 30#30: exiting
2024/07/18 12:35:54 [notice] 31#31: exiting
2024/07/18 12:35:54 [notice] 33#33: exiting
2024/07/18 12:35:54 [notice] 28#28: exiting
2024/07/18 12:35:54 [notice] 36#36: gracefully shutting down
2024/07/18 12:35:54 [notice] 34#34: exiting
2024/07/18 12:35:54 [notice] 35#35: exiting
2024/07/18 12:35:54 [notice] 36#36: exiting
2024/07/18 12:35:54 [notice] 32#32: exit
2024/07/18 12:35:54 [notice] 30#30: exit
2024/07/18 12:35:54 [notice] 29#29: exit
2024/07/18 12:35:54 [notice] 33#33: exit
2024/07/18 12:35:54 [notice] 31#31: exit
2024/07/18 12:35:54 [notice] 28#28: exit
2024/07/18 12:35:54 [notice] 34#34: exit
2024/07/18 12:35:54 [notice] 36#36: exit
2024/07/18 12:35:54 [notice] 35#35: exit
2024/07/18 12:35:54 [notice] 37#37: gracefully shutting down
2024/07/18 12:35:54 [notice] 38#38: gracefully shutting down
2024/07/18 12:35:54 [notice] 39#39: gracefully shutting down
2024/07/18 12:35:54 [notice] 37#37: exiting
2024/07/18 12:35:54 [notice] 38#38: exiting
2024/07/18 12:35:54 [notice] 39#39: exiting
2024/07/18 12:35:54 [notice] 37#37: exit
2024/07/18 12:35:54 [notice] 38#38: exit
2024/07/18 12:35:54 [notice] 39#39: exit
2024/07/18 12:35:54 [notice] 1#1: signal 17 (SIGCHLD) received from 32
2024/07/18 12:35:54 [notice] 1#1: worker process 32 exited with code 0
2024/07/18 12:35:54 [notice] 1#1: worker process 33 exited with code 0
2024/07/18 12:35:54 [notice] 1#1: worker process 35 exited with code 0
2024/07/18 12:35:54 [notice] 1#1: signal 29 (SIGIO) received
2024/07/18 12:35:54 [notice] 1#1: signal 17 (SIGCHLD) received from 34
2024/07/18 12:35:54 [notice] 1#1: worker process 34 exited with code 0
2024/07/18 12:35:54 [notice] 1#1: worker process 31 exited with code 0
2024/07/18 12:35:54 [notice] 1#1: signal 29 (SIGIO) received
2024/07/18 12:35:54 [notice] 1#1: signal 17 (SIGCHLD) received from 31
2024/07/18 12:35:54 [notice] 1#1: signal 17 (SIGCHLD) received from 38
2024/07/18 12:35:54 [notice] 1#1: worker process 38 exited with code 0
2024/07/18 12:35:54 [notice] 1#1: signal 29 (SIGIO) received
2024/07/18 12:35:54 [notice] 1#1: signal 17 (SIGCHLD) received from 39
2024/07/18 12:35:54 [notice] 1#1: worker process 36 exited with code 0
2024/07/18 12:35:54 [notice] 1#1: worker process 29 exited with code 0
2024/07/18 12:35:54 [notice] 1#1: worker process 39 exited with code 0
2024/07/18 12:35:54 [notice] 1#1: signal 29 (SIGIO) received
2024/07/18 12:35:54 [notice] 1#1: signal 17 (SIGCHLD) received from 36
2024/07/18 12:35:54 [notice] 1#1: signal 17 (SIGCHLD) received from 30
2024/07/18 12:35:54 [notice] 1#1: worker process 30 exited with code 0
2024/07/18 12:35:54 [notice] 1#1: signal 29 (SIGIO) received
2024/07/18 12:35:54 [notice] 1#1: signal 17 (SIGCHLD) received from 37
2024/07/18 12:35:54 [notice] 1#1: worker process 37 exited with code 0
2024/07/18 12:35:54 [notice] 1#1: signal 17 (SIGCHLD) received from 28
2024/07/18 12:35:54 [notice] 1#1: worker process 28 exited with code 0
2024/07/18 12:35:54 [notice] 1#1: exit
2024/07/18 12:35:55 [emerg] 1#1: host not found in upstream "php:8000" in /etc/nginx/conf.d/upstream.conf:2
2024/07/18 12:36:27 [notice] 1#1: using the "epoll" event method
2024/07/18 12:36:27 [notice] 1#1: nginx/1.27.0
2024/07/18 12:36:27 [notice] 1#1: built by gcc 12.2.0 (Debian 12.2.0-14) 
2024/07/18 12:36:27 [notice] 1#1: OS: Linux 6.9.8-200.fc40.x86_64
2024/07/18 12:36:27 [notice] 1#1: getrlimit(RLIMIT_NOFILE): 1073741816:1073741816
2024/07/18 12:36:27 [notice] 1#1: start worker processes
2024/07/18 12:36:27 [notice] 1#1: start worker process 28
2024/07/18 12:36:27 [notice] 1#1: start worker process 29
2024/07/18 12:36:27 [notice] 1#1: start worker process 30
2024/07/18 12:36:27 [notice] 1#1: start worker process 31
2024/07/18 12:36:27 [notice] 1#1: start worker process 32
2024/07/18 12:36:27 [notice] 1#1: start worker process 33
2024/07/18 12:36:27 [notice] 1#1: start worker process 34
2024/07/18 12:36:27 [notice] 1#1: start worker process 35
2024/07/18 12:36:27 [notice] 1#1: start worker process 36
2024/07/18 12:36:27 [notice] 1#1: start worker process 37
2024/07/18 12:36:27 [notice] 1#1: start worker process 38
2024/07/18 12:36:27 [notice] 1#1: start worker process 39
2024/07/18 12:36:30 [error] 29#29: *1 connect() failed (111: Connection refused) while connecting to upstream, client: 172.20.0.1, server: , request: "GET / HTTP/1.1", upstream: "fastcgi://172.20.0.3:8000", host: "localhost:3000"
2024/07/18 12:36:57 [notice] 1#1: signal 3 (SIGQUIT) received, shutting down
2024/07/18 12:36:57 [notice] 28#28: gracefully shutting down
2024/07/18 12:36:57 [notice] 29#29: gracefully shutting down
2024/07/18 12:36:57 [notice] 30#30: gracefully shutting down
2024/07/18 12:36:57 [notice] 32#32: gracefully shutting down
2024/07/18 12:36:57 [notice] 31#31: gracefully shutting down
2024/07/18 12:36:57 [notice] 33#33: gracefully shutting down
2024/07/18 12:36:57 [notice] 34#34: gracefully shutting down
2024/07/18 12:36:57 [notice] 30#30: exiting
2024/07/18 12:36:57 [notice] 35#35: gracefully shutting down
2024/07/18 12:36:57 [notice] 32#32: exiting
2024/07/18 12:36:57 [notice] 31#31: exiting
2024/07/18 12:36:57 [notice] 38#38: gracefully shutting down
2024/07/18 12:36:57 [notice] 33#33: exiting
2024/07/18 12:36:57 [notice] 34#34: exiting
2024/07/18 12:36:57 [notice] 35#35: exiting
2024/07/18 12:36:57 [notice] 29#29: exiting
2024/07/18 12:36:57 [notice] 38#38: exiting
2024/07/18 12:36:57 [notice] 31#31: exit
2024/07/18 12:36:57 [notice] 30#30: exit
2024/07/18 12:36:57 [notice] 32#32: exit
2024/07/18 12:36:57 [notice] 33#33: exit
2024/07/18 12:36:57 [notice] 34#34: exit
2024/07/18 12:36:57 [notice] 29#29: exit
2024/07/18 12:36:57 [notice] 35#35: exit
2024/07/18 12:36:57 [notice] 38#38: exit
2024/07/18 12:36:57 [notice] 36#36: gracefully shutting down
2024/07/18 12:36:57 [notice] 37#37: gracefully shutting down
2024/07/18 12:36:57 [notice] 39#39: gracefully shutting down
2024/07/18 12:36:57 [notice] 36#36: exiting
2024/07/18 12:36:57 [notice] 37#37: exiting
2024/07/18 12:36:57 [notice] 39#39: exiting
2024/07/18 12:36:57 [notice] 36#36: exit
2024/07/18 12:36:57 [notice] 37#37: exit
2024/07/18 12:36:57 [notice] 39#39: exit
2024/07/18 12:36:57 [notice] 1#1: signal 17 (SIGCHLD) received from 34
2024/07/18 12:36:57 [notice] 1#1: worker process 34 exited with code 0
2024/07/18 12:36:57 [notice] 1#1: signal 29 (SIGIO) received
2024/07/18 12:36:57 [notice] 1#1: signal 17 (SIGCHLD) received from 33
2024/07/18 12:36:57 [notice] 1#1: worker process 33 exited with code 0
2024/07/18 12:36:57 [notice] 1#1: signal 29 (SIGIO) received
2024/07/18 12:36:57 [notice] 1#1: signal 17 (SIGCHLD) received from 39
2024/07/18 12:36:57 [notice] 1#1: worker process 31 exited with code 0
2024/07/18 12:36:57 [notice] 1#1: worker process 32 exited with code 0
2024/07/18 12:36:57 [notice] 1#1: worker process 38 exited with code 0
2024/07/18 12:36:57 [notice] 1#1: worker process 39 exited with code 0
2024/07/18 12:36:57 [notice] 1#1: signal 29 (SIGIO) received
2024/07/18 12:36:57 [notice] 1#1: signal 17 (SIGCHLD) received from 32
2024/07/18 12:36:57 [notice] 1#1: signal 17 (SIGCHLD) received from 30
2024/07/18 12:36:57 [notice] 1#1: worker process 30 exited with code 0
2024/07/18 12:36:57 [notice] 1#1: signal 29 (SIGIO) received
2024/07/18 12:36:57 [notice] 1#1: signal 17 (SIGCHLD) received from 37
2024/07/18 12:36:57 [notice] 1#1: worker process 37 exited with code 0
2024/07/18 12:36:57 [notice] 1#1: signal 29 (SIGIO) received
2024/07/18 12:36:57 [notice] 1#1: signal 17 (SIGCHLD) received from 35
2024/07/18 12:36:57 [notice] 1#1: worker process 35 exited with code 0
2024/07/18 12:36:57 [notice] 1#1: signal 17 (SIGCHLD) received from 36
2024/07/18 12:36:57 [notice] 1#1: worker process 36 exited with code 0
2024/07/18 12:36:57 [notice] 1#1: signal 29 (SIGIO) received
2024/07/18 12:36:57 [notice] 1#1: signal 29 (SIGIO) received
2024/07/18 12:36:57 [notice] 1#1: signal 17 (SIGCHLD) received from 29
2024/07/18 12:36:57 [notice] 1#1: worker process 29 exited with code 0
2024/07/18 12:36:57 [notice] 1#1: signal 29 (SIGIO) received
2024/07/18 12:37:04 [notice] 1#1: signal 3 (SIGQUIT) received, shutting down
2024/07/18 12:37:08 [notice] 1#1: using the "epoll" event method
2024/07/18 12:37:08 [notice] 1#1: nginx/1.27.0
2024/07/18 12:37:08 [notice] 1#1: built by gcc 12.2.0 (Debian 12.2.0-14) 
2024/07/18 12:37:08 [notice] 1#1: OS: Linux 6.9.8-200.fc40.x86_64
2024/07/18 12:37:08 [notice] 1#1: getrlimit(RLIMIT_NOFILE): 1073741816:1073741816
2024/07/18 12:37:08 [notice] 1#1: start worker processes
2024/07/18 12:37:08 [notice] 1#1: start worker process 28
2024/07/18 12:37:08 [notice] 1#1: start worker process 29
2024/07/18 12:37:08 [notice] 1#1: start worker process 30
2024/07/18 12:37:08 [notice] 1#1: start worker process 31
2024/07/18 12:37:08 [notice] 1#1: start worker process 32
2024/07/18 12:37:08 [notice] 1#1: start worker process 33
2024/07/18 12:37:08 [notice] 1#1: start worker process 34
2024/07/18 12:37:08 [notice] 1#1: start worker process 35
2024/07/18 12:37:08 [notice] 1#1: start worker process 36
2024/07/18 12:37:08 [notice] 1#1: start worker process 37
2024/07/18 12:37:08 [notice] 1#1: start worker process 38
2024/07/18 12:37:08 [notice] 1#1: start worker process 39
2024/07/18 12:37:36 [notice] 1#1: signal 3 (SIGQUIT) received, shutting down
2024/07/18 12:37:36 [notice] 28#28: gracefully shutting down
2024/07/18 12:37:36 [notice] 29#29: gracefully shutting down
2024/07/18 12:37:36 [notice] 30#30: gracefully shutting down
2024/07/18 12:37:36 [notice] 31#31: gracefully shutting down
2024/07/18 12:37:36 [notice] 32#32: gracefully shutting down
2024/07/18 12:37:36 [notice] 33#33: gracefully shutting down
2024/07/18 12:37:36 [notice] 28#28: exiting
2024/07/18 12:37:36 [notice] 29#29: exiting
2024/07/18 12:37:36 [notice] 35#35: gracefully shutting down
2024/07/18 12:37:36 [notice] 30#30: exiting
2024/07/18 12:37:36 [notice] 31#31: exiting
2024/07/18 12:37:36 [notice] 32#32: exiting
2024/07/18 12:37:36 [notice] 33#33: exiting
2024/07/18 12:37:36 [notice] 34#34: gracefully shutting down
2024/07/18 12:37:36 [notice] 35#35: exiting
2024/07/18 12:37:36 [notice] 28#28: exit
2024/07/18 12:37:36 [notice] 34#34: exiting
2024/07/18 12:37:36 [notice] 39#39: gracefully shutting down
2024/07/18 12:37:36 [notice] 29#29: exit
2024/07/18 12:37:36 [notice] 39#39: exiting
2024/07/18 12:37:36 [notice] 31#31: exit
2024/07/18 12:37:36 [notice] 34#34: exit
2024/07/18 12:37:36 [notice] 39#39: exit
2024/07/18 12:37:36 [notice] 30#30: exit
2024/07/18 12:37:36 [notice] 33#33: exit
2024/07/18 12:37:36 [notice] 32#32: exit
2024/07/18 12:37:36 [notice] 36#36: gracefully shutting down
2024/07/18 12:37:36 [notice] 36#36: exiting
2024/07/18 12:37:36 [notice] 36#36: exit
2024/07/18 12:37:36 [notice] 37#37: gracefully shutting down
2024/07/18 12:37:36 [notice] 38#38: gracefully shutting down
2024/07/18 12:37:36 [notice] 37#37: exiting
2024/07/18 12:37:36 [notice] 38#38: exiting
2024/07/18 12:37:36 [notice] 37#37: exit
2024/07/18 12:37:36 [notice] 38#38: exit
2024/07/18 12:37:36 [notice] 35#35: exit
2024/07/18 12:37:36 [notice] 1#1: signal 17 (SIGCHLD) received from 32
2024/07/18 12:37:36 [notice] 1#1: worker process 28 exited with code 0
2024/07/18 12:37:36 [notice] 1#1: worker process 32 exited with code 0
2024/07/18 12:37:36 [notice] 1#1: worker process 33 exited with code 0
2024/07/18 12:37:36 [notice] 1#1: worker process 34 exited with code 0
2024/07/18 12:37:36 [notice] 1#1: worker process 37 exited with code 0
2024/07/18 12:37:36 [notice] 1#1: worker process 38 exited with code 0
2024/07/18 12:37:36 [notice] 1#1: signal 29 (SIGIO) received
2024/07/18 12:37:36 [notice] 1#1: signal 17 (SIGCHLD) received from 28
2024/07/18 12:37:36 [notice] 1#1: signal 17 (SIGCHLD) received from 39
2024/07/18 12:37:36 [notice] 1#1: worker process 29 exited with code 0
2024/07/18 12:37:36 [notice] 1#1: worker process 31 exited with code 0
2024/07/18 12:37:36 [notice] 1#1: worker process 39 exited with code 0
2024/07/18 12:37:36 [notice] 1#1: signal 29 (SIGIO) received
2024/07/18 12:37:36 [notice] 1#1: signal 17 (SIGCHLD) received from 31
2024/07/18 12:37:36 [notice] 1#1: signal 17 (SIGCHLD) received from 36
2024/07/18 12:37:36 [notice] 1#1: worker process 36 exited with code 0
2024/07/18 12:37:36 [notice] 1#1: signal 29 (SIGIO) received
2024/07/18 12:37:36 [notice] 1#1: signal 17 (SIGCHLD) received from 30
2024/07/18 12:37:36 [notice] 1#1: worker process 30 exited with code 0
2024/07/18 12:37:36 [notice] 1#1: worker process 35 exited with code 0
2024/07/18 12:37:36 [notice] 1#1: exit
2024/07/18 12:37:38 [notice] 1#1: using the "epoll" event method
2024/07/18 12:37:38 [notice] 1#1: nginx/1.27.0
2024/07/18 12:37:38 [notice] 1#1: built by gcc 12.2.0 (Debian 12.2.0-14) 
2024/07/18 12:37:38 [notice] 1#1: OS: Linux 6.9.8-200.fc40.x86_64
2024/07/18 12:37:38 [notice] 1#1: getrlimit(RLIMIT_NOFILE): 1073741816:1073741816
2024/07/18 12:37:38 [notice] 1#1: start worker processes
2024/07/18 12:37:38 [notice] 1#1: start worker process 28
2024/07/18 12:37:38 [notice] 1#1: start worker process 29
2024/07/18 12:37:38 [notice] 1#1: start worker process 30
2024/07/18 12:37:38 [notice] 1#1: start worker process 31
2024/07/18 12:37:38 [notice] 1#1: start worker process 32
2024/07/18 12:37:38 [notice] 1#1: start worker process 33
2024/07/18 12:37:38 [notice] 1#1: start worker process 34
2024/07/18 12:37:38 [notice] 1#1: start worker process 35
2024/07/18 12:37:38 [notice] 1#1: start worker process 36
2024/07/18 12:37:38 [notice] 1#1: start worker process 37
2024/07/18 12:37:38 [notice] 1#1: start worker process 38
2024/07/18 12:37:38 [notice] 1#1: start worker process 39
2024/07/18 13:13:08 [notice] 1#1: using the "epoll" event method
2024/07/18 13:13:08 [notice] 1#1: nginx/1.27.0
2024/07/18 13:13:08 [notice] 1#1: built by gcc 12.2.0 (Debian 12.2.0-14) 
2024/07/18 13:13:08 [notice] 1#1: OS: Linux 6.8.0-38-generic
2024/07/18 13:13:08 [notice] 1#1: getrlimit(RLIMIT_NOFILE): 1048576:1048576
2024/07/18 13:13:08 [notice] 1#1: start worker processes
2024/07/18 13:13:08 [notice] 1#1: start worker process 28
2024/07/18 13:13:08 [notice] 1#1: start worker process 29
2024/07/18 13:13:08 [notice] 1#1: start worker process 30
2024/07/18 13:13:08 [notice] 1#1: start worker process 31
2024/07/18 13:13:08 [notice] 1#1: start worker process 32
2024/07/18 13:13:08 [notice] 1#1: start worker process 33
2024/07/18 13:13:08 [notice] 1#1: start worker process 34
2024/07/18 13:13:08 [notice] 1#1: start worker process 35
2024/07/18 13:13:08 [notice] 1#1: start worker process 36
2024/07/18 13:13:08 [notice] 1#1: start worker process 37
2024/07/18 13:13:08 [notice] 1#1: start worker process 38
2024/07/18 13:13:08 [notice] 1#1: start worker process 39
2024/07/18 13:56:11 [notice] 1#1: signal 3 (SIGQUIT) received, shutting down
2024/07/18 13:56:11 [notice] 29#29: gracefully shutting down
2024/07/18 13:56:11 [notice] 29#29: exiting
2024/07/18 13:56:11 [notice] 33#33: gracefully shutting down
2024/07/18 13:56:11 [notice] 30#30: gracefully shutting down
2024/07/18 13:56:11 [notice] 33#33: exiting
2024/07/18 13:56:11 [notice] 30#30: exiting
2024/07/18 13:56:11 [notice] 29#29: exit
2024/07/18 13:56:11 [notice] 30#30: exit
2024/07/18 13:56:11 [notice] 28#28: gracefully shutting down
2024/07/18 13:56:11 [notice] 28#28: exiting
2024/07/18 13:56:11 [notice] 28#28: exit
2024/07/18 13:56:11 [notice] 33#33: exit
2024/07/18 13:56:11 [notice] 31#31: gracefully shutting down
2024/07/18 13:56:11 [notice] 31#31: exiting
2024/07/18 13:56:11 [notice] 31#31: exit
2024/07/18 13:56:11 [notice] 37#37: gracefully shutting down
2024/07/18 13:56:11 [notice] 37#37: exiting
2024/07/18 13:56:11 [notice] 34#34: gracefully shutting down
2024/07/18 13:56:11 [notice] 34#34: exiting
2024/07/18 13:56:11 [notice] 37#37: exit
2024/07/18 13:56:11 [notice] 34#34: exit
2024/07/18 13:56:11 [notice] 35#35: gracefully shutting down
2024/07/18 13:56:11 [notice] 35#35: exiting
2024/07/18 13:56:11 [notice] 35#35: exit
2024/07/18 13:56:11 [notice] 38#38: gracefully shutting down
2024/07/18 13:56:11 [notice] 38#38: exiting
2024/07/18 13:56:11 [notice] 38#38: exit
2024/07/18 13:56:11 [notice] 32#32: gracefully shutting down
2024/07/18 13:56:11 [notice] 32#32: exiting
2024/07/18 13:56:11 [notice] 32#32: exit
2024/07/18 13:56:11 [notice] 39#39: gracefully shutting down
2024/07/18 13:56:11 [notice] 39#39: exiting
2024/07/18 13:56:11 [notice] 39#39: exit
2024/07/18 13:56:11 [notice] 36#36: gracefully shutting down
2024/07/18 13:56:11 [notice] 36#36: exiting
2024/07/18 13:56:11 [notice] 36#36: exit
2024/07/18 13:56:11 [notice] 1#1: signal 17 (SIGCHLD) received from 31
2024/07/18 13:56:11 [notice] 1#1: worker process 30 exited with code 0
2024/07/18 13:56:11 [notice] 1#1: worker process 31 exited with code 0
2024/07/18 13:56:11 [notice] 1#1: signal 29 (SIGIO) received
2024/07/18 13:56:11 [notice] 1#1: signal 17 (SIGCHLD) received from 30
2024/07/18 13:56:11 [notice] 1#1: worker process 33 exited with code 0
2024/07/18 13:56:11 [notice] 1#1: signal 29 (SIGIO) received
2024/07/18 13:56:11 [notice] 1#1: signal 17 (SIGCHLD) received from 29
2024/07/18 13:56:11 [notice] 1#1: worker process 29 exited with code 0
2024/07/18 13:56:11 [notice] 1#1: worker process 35 exited with code 0
2024/07/18 13:56:11 [notice] 1#1: signal 29 (SIGIO) received
2024/07/18 13:56:11 [notice] 1#1: signal 17 (SIGCHLD) received from 35
2024/07/18 13:56:11 [notice] 1#1: signal 17 (SIGCHLD) received from 38
2024/07/18 13:56:11 [notice] 1#1: worker process 38 exited with code 0
2024/07/18 13:56:11 [notice] 1#1: signal 29 (SIGIO) received
2024/07/18 13:56:11 [notice] 1#1: signal 17 (SIGCHLD) received from 37
2024/07/18 13:56:11 [notice] 1#1: worker process 37 exited with code 0
2024/07/18 13:56:11 [notice] 1#1: worker process 34 exited with code 0
2024/07/18 13:56:11 [notice] 1#1: signal 29 (SIGIO) received
2024/07/18 13:56:11 [notice] 1#1: signal 17 (SIGCHLD) received from 34
2024/07/18 13:56:11 [notice] 1#1: signal 17 (SIGCHLD) received from 39
2024/07/18 13:56:11 [notice] 1#1: worker process 39 exited with code 0
2024/07/18 13:56:11 [notice] 1#1: signal 29 (SIGIO) received
2024/07/18 13:56:11 [notice] 1#1: signal 17 (SIGCHLD) received from 36
2024/07/18 13:56:11 [notice] 1#1: worker process 28 exited with code 0
2024/07/18 13:56:11 [notice] 1#1: worker process 36 exited with code 0
2024/07/18 13:56:11 [notice] 1#1: signal 29 (SIGIO) received
2024/07/18 13:56:11 [notice] 1#1: signal 17 (SIGCHLD) received from 32
2024/07/18 13:56:11 [notice] 1#1: worker process 32 exited with code 0
2024/07/18 13:56:11 [notice] 1#1: exit
2024/07/19 05:43:32 [notice] 1#1: using the "epoll" event method
2024/07/19 05:43:32 [notice] 1#1: nginx/1.27.0
2024/07/19 05:43:32 [notice] 1#1: built by gcc 12.2.0 (Debian 12.2.0-14) 
2024/07/19 05:43:32 [notice] 1#1: OS: Linux 6.8.0-38-generic
2024/07/19 05:43:32 [notice] 1#1: getrlimit(RLIMIT_NOFILE): 1048576:1048576
2024/07/19 05:43:32 [notice] 1#1: start worker processes
2024/07/19 05:43:32 [notice] 1#1: start worker process 28
2024/07/19 05:43:32 [notice] 1#1: start worker process 29
2024/07/19 05:43:32 [notice] 1#1: start worker process 30
2024/07/19 05:43:32 [notice] 1#1: start worker process 31
2024/07/19 05:43:32 [notice] 1#1: start worker process 32
2024/07/19 05:43:32 [notice] 1#1: start worker process 33
2024/07/19 05:43:32 [notice] 1#1: start worker process 34
2024/07/19 05:43:32 [notice] 1#1: start worker process 35
2024/07/19 05:43:32 [notice] 1#1: start worker process 36
2024/07/19 05:43:32 [notice] 1#1: start worker process 37
2024/07/19 05:43:32 [notice] 1#1: start worker process 38
2024/07/19 05:43:32 [notice] 1#1: start worker process 39
2024/07/23 07:48:31 [notice] 1#1: using the "epoll" event method
2024/07/23 07:48:31 [notice] 1#1: nginx/1.27.0
2024/07/23 07:48:31 [notice] 1#1: built by gcc 12.2.0 (Debian 12.2.0-14) 
2024/07/23 07:48:31 [notice] 1#1: OS: Linux 6.8.0-38-generic
2024/07/23 07:48:31 [notice] 1#1: getrlimit(RLIMIT_NOFILE): 1048576:1048576
2024/07/23 07:48:31 [notice] 1#1: start worker processes
2024/07/23 07:48:31 [notice] 1#1: start worker process 28
2024/07/23 07:48:31 [notice] 1#1: start worker process 29
2024/07/23 07:48:31 [notice] 1#1: start worker process 30
2024/07/23 07:48:31 [notice] 1#1: start worker process 31
2024/07/23 07:48:31 [notice] 1#1: start worker process 32
2024/07/23 07:48:31 [notice] 1#1: start worker process 33
2024/07/23 07:48:31 [notice] 1#1: start worker process 34
2024/07/23 07:48:31 [notice] 1#1: start worker process 35
2024/07/23 07:48:31 [notice] 1#1: start worker process 36
2024/07/23 07:48:31 [notice] 1#1: start worker process 37
2024/07/23 07:48:31 [notice] 1#1: start worker process 38
2024/07/23 07:48:31 [notice] 1#1: start worker process 39
2024/07/23 13:24:51 [notice] 1#1: using the "epoll" event method
2024/07/23 13:24:51 [notice] 1#1: nginx/1.27.0
2024/07/23 13:24:51 [notice] 1#1: built by gcc 12.2.0 (Debian 12.2.0-14) 
2024/07/23 13:24:51 [notice] 1#1: OS: Linux 6.8.0-38-generic
2024/07/23 13:24:51 [notice] 1#1: getrlimit(RLIMIT_NOFILE): 1048576:1048576
2024/07/23 13:24:51 [notice] 1#1: start worker processes
2024/07/23 13:24:51 [notice] 1#1: start worker process 28
2024/07/23 13:24:51 [notice] 1#1: start worker process 29
2024/07/23 13:24:51 [notice] 1#1: start worker process 30
2024/07/23 13:24:51 [notice] 1#1: start worker process 31
2024/07/23 13:24:51 [notice] 1#1: start worker process 32
2024/07/23 13:24:51 [notice] 1#1: start worker process 33
2024/07/23 13:24:51 [notice] 1#1: start worker process 34
2024/07/23 13:24:51 [notice] 1#1: start worker process 35
2024/07/23 13:24:51 [notice] 1#1: start worker process 36
2024/07/23 13:24:51 [notice] 1#1: start worker process 37
2024/07/23 13:24:51 [notice] 1#1: start worker process 38
2024/07/23 13:24:51 [notice] 1#1: start worker process 39
2024/07/23 13:54:08 [notice] 1#1: signal 3 (SIGQUIT) received, shutting down
2024/07/23 13:54:08 [notice] 28#28: gracefully shutting down
2024/07/23 13:54:08 [notice] 28#28: exiting
2024/07/23 13:54:08 [notice] 36#36: gracefully shutting down
2024/07/23 13:54:08 [notice] 36#36: exiting
2024/07/23 13:54:08 [notice] 28#28: exit
2024/07/23 13:54:08 [notice] 36#36: exit
2024/07/23 13:54:08 [notice] 29#29: gracefully shutting down
2024/07/23 13:54:08 [notice] 29#29: exiting
2024/07/23 13:54:08 [notice] 29#29: exit
2024/07/23 13:54:08 [notice] 30#30: gracefully shutting down
2024/07/23 13:54:08 [notice] 30#30: exiting
2024/07/23 13:54:08 [notice] 30#30: exit
2024/07/23 13:54:08 [notice] 31#31: gracefully shutting down
2024/07/23 13:54:08 [notice] 31#31: exiting
2024/07/23 13:54:08 [notice] 31#31: exit
2024/07/23 13:54:08 [notice] 33#33: gracefully shutting down
2024/07/23 13:54:08 [notice] 34#34: gracefully shutting down
2024/07/23 13:54:08 [notice] 33#33: exiting
2024/07/23 13:54:08 [notice] 34#34: exiting
2024/07/23 13:54:08 [notice] 33#33: exit
2024/07/23 13:54:08 [notice] 34#34: exit
2024/07/23 13:54:08 [notice] 32#32: gracefully shutting down
2024/07/23 13:54:08 [notice] 32#32: exiting
2024/07/23 13:54:08 [notice] 32#32: exit
2024/07/23 13:54:08 [notice] 35#35: gracefully shutting down
2024/07/23 13:54:08 [notice] 35#35: exiting
2024/07/23 13:54:08 [notice] 35#35: exit
2024/07/23 13:54:08 [notice] 37#37: gracefully shutting down
2024/07/23 13:54:08 [notice] 37#37: exiting
2024/07/23 13:54:08 [notice] 37#37: exit
2024/07/23 13:54:08 [notice] 38#38: gracefully shutting down
2024/07/23 13:54:08 [notice] 38#38: exiting
2024/07/23 13:54:08 [notice] 38#38: exit
2024/07/23 13:54:08 [notice] 39#39: gracefully shutting down
2024/07/23 13:54:08 [notice] 39#39: exiting
2024/07/23 13:54:08 [notice] 39#39: exit
2024/07/23 13:54:08 [notice] 1#1: signal 17 (SIGCHLD) received from 30
2024/07/23 13:54:08 [notice] 1#1: worker process 30 exited with code 0
2024/07/23 13:54:08 [notice] 1#1: signal 29 (SIGIO) received
2024/07/23 13:54:08 [notice] 1#1: signal 17 (SIGCHLD) received from 28
2024/07/23 13:54:08 [notice] 1#1: worker process 28 exited with code 0
2024/07/23 13:54:08 [notice] 1#1: signal 29 (SIGIO) received
2024/07/23 13:54:08 [notice] 1#1: signal 17 (SIGCHLD) received from 33
2024/07/23 13:54:08 [notice] 1#1: worker process 33 exited with code 0
2024/07/23 13:54:08 [notice] 1#1: signal 29 (SIGIO) received
2024/07/23 13:54:08 [notice] 1#1: signal 17 (SIGCHLD) received from 37
2024/07/23 13:54:08 [notice] 1#1: worker process 37 exited with code 0
2024/07/23 13:54:08 [notice] 1#1: worker process 38 exited with code 0
2024/07/23 13:54:08 [notice] 1#1: signal 29 (SIGIO) received
2024/07/23 13:54:08 [notice] 1#1: signal 17 (SIGCHLD) received from 38
2024/07/23 13:54:08 [notice] 1#1: worker process 39 exited with code 0
2024/07/23 13:54:08 [notice] 1#1: signal 29 (SIGIO) received
2024/07/23 13:54:08 [notice] 1#1: signal 17 (SIGCHLD) received from 29
2024/07/23 13:54:08 [notice] 1#1: worker process 29 exited with code 0
2024/07/23 13:54:08 [notice] 1#1: worker process 35 exited with code 0
2024/07/23 13:54:08 [notice] 1#1: signal 29 (SIGIO) received
2024/07/23 13:54:08 [notice] 1#1: signal 17 (SIGCHLD) received from 36
2024/07/23 13:54:08 [notice] 1#1: worker process 36 exited with code 0
2024/07/23 13:54:08 [notice] 1#1: signal 29 (SIGIO) received
2024/07/23 13:54:08 [notice] 1#1: signal 17 (SIGCHLD) received from 31
2024/07/23 13:54:08 [notice] 1#1: worker process 31 exited with code 0
2024/07/23 13:54:08 [notice] 1#1: worker process 32 exited with code 0
2024/07/23 13:54:08 [notice] 1#1: worker process 34 exited with code 0
2024/07/23 13:54:08 [notice] 1#1: exit
2024/07/24 05:54:51 [notice] 1#1: using the "epoll" event method
2024/07/24 05:54:51 [notice] 1#1: nginx/1.27.0
2024/07/24 05:54:51 [notice] 1#1: built by gcc 12.2.0 (Debian 12.2.0-14) 
2024/07/24 05:54:51 [notice] 1#1: OS: Linux 6.8.0-38-generic
2024/07/24 05:54:51 [notice] 1#1: getrlimit(RLIMIT_NOFILE): 1048576:1048576
2024/07/24 05:54:51 [notice] 1#1: start worker processes
2024/07/24 05:54:51 [notice] 1#1: start worker process 28
2024/07/24 05:54:51 [notice] 1#1: start worker process 29
2024/07/24 05:54:51 [notice] 1#1: start worker process 30
2024/07/24 05:54:51 [notice] 1#1: start worker process 31
2024/07/24 05:54:51 [notice] 1#1: start worker process 32
2024/07/24 05:54:51 [notice] 1#1: start worker process 33
2024/07/24 05:54:51 [notice] 1#1: start worker process 34
2024/07/24 05:54:51 [notice] 1#1: start worker process 35
2024/07/24 05:54:51 [notice] 1#1: start worker process 36
2024/07/24 05:54:51 [notice] 1#1: start worker process 37
2024/07/24 05:54:51 [notice] 1#1: start worker process 38
2024/07/24 05:54:51 [notice] 1#1: start worker process 39
2024/08/01 09:52:08 [notice] 1#1: using the "epoll" event method
2024/08/01 09:52:08 [notice] 1#1: nginx/1.27.0
2024/08/01 09:52:08 [notice] 1#1: built by gcc 12.2.0 (Debian 12.2.0-14) 
2024/08/01 09:52:08 [notice] 1#1: OS: Linux 6.8.5-301.fc40.x86_64
2024/08/01 09:52:08 [notice] 1#1: getrlimit(RLIMIT_NOFILE): 1073741816:1073741816
2024/08/01 09:52:08 [notice] 1#1: start worker processes
2024/08/01 09:52:08 [notice] 1#1: start worker process 28
2024/08/01 09:52:08 [notice] 1#1: start worker process 29
2024/08/01 09:52:08 [notice] 1#1: start worker process 30
2024/08/01 09:52:08 [notice] 1#1: start worker process 31
2024/08/01 09:52:08 [notice] 1#1: start worker process 32
2024/08/01 09:52:08 [notice] 1#1: start worker process 33
2024/08/01 09:52:08 [notice] 1#1: start worker process 34
2024/08/01 09:52:08 [notice] 1#1: start worker process 35
2024/08/01 09:52:08 [notice] 1#1: start worker process 36
2024/08/01 09:52:08 [notice] 1#1: start worker process 37
2024/08/01 09:52:08 [notice] 1#1: start worker process 38
2024/08/01 09:52:08 [notice] 1#1: start worker process 39
2024/08/01 13:59:46 [notice] 1#1: signal 3 (SIGQUIT) received, shutting down
2024/08/01 13:59:46 [notice] 28#28: gracefully shutting down
2024/08/01 13:59:46 [notice] 29#29: gracefully shutting down
2024/08/01 13:59:46 [notice] 28#28: exiting
2024/08/01 13:59:46 [notice] 29#29: exiting
2024/08/01 13:59:46 [notice] 29#29: exit
2024/08/01 13:59:46 [notice] 28#28: exit
2024/08/01 13:59:46 [notice] 30#30: gracefully shutting down
2024/08/01 13:59:46 [notice] 30#30: exiting
2024/08/01 13:59:46 [notice] 30#30: exit
2024/08/01 13:59:46 [notice] 31#31: gracefully shutting down
2024/08/01 13:59:46 [notice] 31#31: exiting
2024/08/01 13:59:46 [notice] 31#31: exit
2024/08/01 13:59:46 [notice] 32#32: gracefully shutting down
2024/08/01 13:59:46 [notice] 32#32: exiting
2024/08/01 13:59:46 [notice] 32#32: exit
2024/08/01 13:59:46 [notice] 33#33: gracefully shutting down
2024/08/01 13:59:46 [notice] 34#34: gracefully shutting down
2024/08/01 13:59:46 [notice] 34#34: exiting
2024/08/01 13:59:46 [notice] 33#33: exiting
2024/08/01 13:59:46 [notice] 34#34: exit
2024/08/01 13:59:46 [notice] 35#35: gracefully shutting down
2024/08/01 13:59:46 [notice] 35#35: exiting
2024/08/01 13:59:46 [notice] 35#35: exit
2024/08/01 13:59:46 [notice] 33#33: exit
2024/08/01 13:59:46 [notice] 36#36: gracefully shutting down
2024/08/01 13:59:46 [notice] 36#36: exiting
2024/08/01 13:59:46 [notice] 36#36: exit
2024/08/01 13:59:46 [notice] 37#37: gracefully shutting down
2024/08/01 13:59:46 [notice] 37#37: exiting
2024/08/01 13:59:46 [notice] 37#37: exit
2024/08/01 13:59:46 [notice] 38#38: gracefully shutting down
2024/08/01 13:59:46 [notice] 38#38: exiting
2024/08/01 13:59:46 [notice] 38#38: exit
2024/08/01 13:59:46 [notice] 39#39: gracefully shutting down
2024/08/01 13:59:46 [notice] 39#39: exiting
2024/08/01 13:59:46 [notice] 39#39: exit
2024/08/01 13:59:46 [notice] 1#1: signal 17 (SIGCHLD) received from 37
2024/08/01 13:59:46 [notice] 1#1: worker process 31 exited with code 0
2024/08/01 13:59:46 [notice] 1#1: worker process 37 exited with code 0
2024/08/01 13:59:46 [notice] 1#1: signal 29 (SIGIO) received
2024/08/01 13:59:46 [notice] 1#1: signal 17 (SIGCHLD) received from 28
2024/08/01 13:59:46 [notice] 1#1: worker process 28 exited with code 0
2024/08/01 13:59:46 [notice] 1#1: worker process 29 exited with code 0
2024/08/01 13:59:46 [notice] 1#1: worker process 35 exited with code 0
2024/08/01 13:59:46 [notice] 1#1: worker process 38 exited with code 0
2024/08/01 13:59:46 [notice] 1#1: worker process 39 exited with code 0
2024/08/01 13:59:46 [notice] 1#1: signal 29 (SIGIO) received
2024/08/01 13:59:46 [notice] 1#1: signal 17 (SIGCHLD) received from 33
2024/08/01 13:59:46 [notice] 1#1: worker process 33 exited with code 0
2024/08/01 13:59:46 [notice] 1#1: signal 29 (SIGIO) received
2024/08/01 13:59:46 [notice] 1#1: signal 17 (SIGCHLD) received from 30
2024/08/01 13:59:46 [notice] 1#1: worker process 30 exited with code 0
2024/08/01 13:59:46 [notice] 1#1: signal 29 (SIGIO) received
2024/08/01 13:59:46 [notice] 1#1: signal 17 (SIGCHLD) received from 32
2024/08/01 13:59:46 [notice] 1#1: worker process 32 exited with code 0
2024/08/01 13:59:46 [notice] 1#1: worker process 34 exited with code 0
2024/08/01 13:59:46 [notice] 1#1: worker process 36 exited with code 0
2024/08/01 13:59:46 [notice] 1#1: exit
2024/08/02 05:28:16 [notice] 1#1: using the "epoll" event method
2024/08/02 05:28:16 [notice] 1#1: nginx/1.27.0
2024/08/02 05:28:16 [notice] 1#1: built by gcc 12.2.0 (Debian 12.2.0-14) 
2024/08/02 05:28:16 [notice] 1#1: OS: Linux 6.9.11-200.fc40.x86_64
2024/08/02 05:28:16 [notice] 1#1: getrlimit(RLIMIT_NOFILE): 1073741816:1073741816
2024/08/02 05:28:16 [notice] 1#1: start worker processes
2024/08/02 05:28:16 [notice] 1#1: start worker process 28
2024/08/02 05:28:16 [notice] 1#1: start worker process 29
2024/08/02 05:28:16 [notice] 1#1: start worker process 30
2024/08/02 05:28:16 [notice] 1#1: start worker process 31
2024/08/02 05:28:16 [notice] 1#1: start worker process 32
2024/08/02 05:28:16 [notice] 1#1: start worker process 33
2024/08/02 05:28:16 [notice] 1#1: start worker process 34
2024/08/02 05:28:16 [notice] 1#1: start worker process 35
2024/08/02 05:28:16 [notice] 1#1: start worker process 36
2024/08/02 05:28:16 [notice] 1#1: start worker process 37
2024/08/02 05:28:16 [notice] 1#1: start worker process 38
2024/08/02 05:28:16 [notice] 1#1: start worker process 39
2024/08/04 16:50:51 [notice] 1#1: using the "epoll" event method
2024/08/04 16:50:51 [notice] 1#1: nginx/1.27.0
2024/08/04 16:50:51 [notice] 1#1: built by gcc 12.2.0 (Debian 12.2.0-14) 
2024/08/04 16:50:51 [notice] 1#1: OS: Linux 6.9.12-200.fc40.x86_64
2024/08/04 16:50:51 [notice] 1#1: getrlimit(RLIMIT_NOFILE): 1073741816:1073741816
2024/08/04 16:50:51 [notice] 1#1: start worker processes
2024/08/04 16:50:51 [notice] 1#1: start worker process 29
2024/08/04 16:50:51 [notice] 1#1: start worker process 30
2024/08/04 16:50:51 [notice] 1#1: start worker process 31
2024/08/04 16:50:51 [notice] 1#1: start worker process 32
2024/08/04 16:50:51 [notice] 1#1: start worker process 33
2024/08/04 16:50:51 [notice] 1#1: start worker process 34
